0 info it worked if it ends with ok
1 verbose cli [ '/home/maple-trusty/.nvm/versions/node/v4.4.5/bin/node',
1 verbose cli   '/home/maple-trusty/.nvm/versions/node/v4.4.5/bin/npm',
1 verbose cli   'run-script',
1 verbose cli   'run' ]
2 info using npm@2.15.5
3 info using node@v4.4.5
4 verbose run-script [ 'prerun', 'run', 'postrun' ]
5 info prerun engage-game-project@1.0.0
6 info run engage-game-project@1.0.0
7 verbose unsafe-perm in lifecycle true
8 info engage-game-project@1.0.0 Failed to exec run script
9 verbose stack Error: engage-game-project@1.0.0 run: `webpack-dev-server`
9 verbose stack Exit status 1
9 verbose stack     at EventEmitter.<anonymous> (/home/maple-trusty/.nvm/versions/node/v4.4.5/lib/node_modules/npm/lib/utils/lifecycle.js:217:16)
9 verbose stack     at emitTwo (events.js:87:13)
9 verbose stack     at EventEmitter.emit (events.js:172:7)
9 verbose stack     at ChildProcess.<anonymous> (/home/maple-trusty/.nvm/versions/node/v4.4.5/lib/node_modules/npm/lib/utils/spawn.js:24:14)
9 verbose stack     at emitTwo (events.js:87:13)
9 verbose stack     at ChildProcess.emit (events.js:172:7)
9 verbose stack     at maybeClose (internal/child_process.js:827:16)
9 verbose stack     at Process.ChildProcess._handle.onexit (internal/child_process.js:211:5)
10 verbose pkgid engage-game-project@1.0.0
11 verbose cwd /home/maple-trusty/Downloads/en-game-project
12 error Linux 3.14.0
13 error argv "/home/maple-trusty/.nvm/versions/node/v4.4.5/bin/node" "/home/maple-trusty/.nvm/versions/node/v4.4.5/bin/npm" "run-script" "run"
14 error node v4.4.5
15 error npm  v2.15.5
16 error code ELIFECYCLE
17 error engage-game-project@1.0.0 run: `webpack-dev-server`
17 error Exit status 1
18 error Failed at the engage-game-project@1.0.0 run script 'webpack-dev-server'.
18 error This is most likely a problem with the engage-game-project package,
18 error not with npm itself.
18 error Tell the author that this fails on your system:
18 error     webpack-dev-server
18 error You can get information on how to open an issue for this project with:
18 error     npm bugs engage-game-project
18 error Or if that isn't available, you can get their info via:
18 error
18 error     npm owner ls engage-game-project
18 error There is likely additional logging output above.
19 verbose exit [ 1, true ]
